\BOOKMARK [1][-]{section.1}{\376\377\000I\000n\000t\000r\000o\000d\000u\000z\000i\000o\000n\000e}{}% 1
\BOOKMARK [1][-]{section.2}{\376\377\000L\000a\000m\000i\000n\000a\000t\000i\000\040\000C\000F\000/\000P\000E\000E\000K}{}% 2
\BOOKMARK [1][-]{section.3}{\376\377\000B\000a\000c\000k\000g\000r\000o\000u\000n\000d}{}% 3
\BOOKMARK [2][-]{subsection.3.1}{\376\377\000R\000e\000g\000o\000l\000a\000\040\000d\000e\000l\000l\000e\000\040\000m\000i\000s\000c\000e\000l\000e}{section.3}% 4
\BOOKMARK [2][-]{subsection.3.2}{\376\377\000T\000e\000o\000r\000i\000a\000\040\000d\000e\000i\000\040\000l\000a\000m\000i\000n\000a\000t\000i\000\040\000s\000o\000t\000t\000i\000l\000i\000\040}{section.3}% 5
\BOOKMARK [2][-]{subsection.3.3}{\376\377\000P\000r\000o\000p\000r\000i\000e\000t\000\340\000\040\000d\000e\000i\000\040\000c\000o\000s\000t\000i\000t\000u\000e\000n\000t\000i}{section.3}% 6
\BOOKMARK [1][-]{section.4}{\376\377\000L\000a\000y\000o\000u\000t\000\040\000d\000e\000l\000\040\000l\000a\000m\000i\000n\000a\000t\000o}{}% 7
\BOOKMARK [2][-]{subsection.4.1}{\376\377\000E\000l\000e\000m\000e\000n\000t\000o\000\040\000t\000i\000p\000o\000\040\000p\000i\000a\000s\000t\000r\000a}{section.4}% 8
\BOOKMARK [3][-]{subsubsection.4.1.1}{\376\377\000C\000a\000s\000o\000\040\000\050\000a\000\051}{subsection.4.1}% 9
\BOOKMARK [3][-]{subsubsection.4.1.2}{\376\377\000C\000a\000s\000o\000\040\000\050\000b\000\051}{subsection.4.1}% 10
\BOOKMARK [3][-]{subsubsection.4.1.3}{\376\377\000C\000a\000s\000o\000\040\000\050\000c\000\051}{subsection.4.1}% 11
\BOOKMARK [3][-]{subsubsection.4.1.4}{\376\377\000C\000a\000s\000o\000\040\000\050\000d\000\051}{subsection.4.1}% 12
\BOOKMARK [2][-]{subsection.4.2}{\376\377\000E\000l\000e\000m\000e\000n\000t\000o\000\040\000t\000i\000p\000o\000\040\000c\000i\000l\000i\000n\000d\000r\000o}{section.4}% 13
\BOOKMARK [3][-]{subsubsection.4.2.1}{\376\377\000C\000a\000s\000o\000\040\000\050\000a\000\051}{subsection.4.2}% 14
\BOOKMARK [3][-]{subsubsection.4.2.2}{\376\377\000C\000a\000s\000o\000\040\000\050\000b\000\051}{subsection.4.2}% 15
\BOOKMARK [3][-]{subsubsection.4.2.3}{\376\377\000C\000a\000s\000o\000\040\000\050\000c\000\051}{subsection.4.2}% 16
\BOOKMARK [3][-]{subsubsection.4.2.4}{\376\377\000C\000a\000s\000o\000\040\000\050\000d\000\051}{subsection.4.2}% 17
\BOOKMARK [1][-]{section.5}{\376\377\000S\000p\000e\000s\000s\000o\000r\000e\000\040\000d\000e\000l\000l\000a\000\040\000p\000i\000a\000s\000t\000r\000a}{}% 18
\BOOKMARK [1][-]{section.6}{\376\377\000C\000o\000n\000c\000l\000u\000s\000i\000o\000n\000i}{}% 19
\BOOKMARK [1][-]{section.7}{\376\377\000M\000e\000t\000o\000d\000i}{}% 20
\BOOKMARK [2][-]{subsection.7.1}{\376\377\000L\000e\000g\000a\000m\000e\000\040\000c\000o\000s\000t\000i\000t\000u\000t\000i\000v\000o\000\040\000g\000e\000n\000e\000r\000a\000l\000i\000z\000z\000a\000t\000o}{section.7}% 21
\BOOKMARK [2][-]{subsection.7.2}{\376\377\000S\000i\000m\000u\000l\000a\000z\000i\000o\000n\000e}{section.7}% 22
\BOOKMARK [1][-]{section.8}{\376\377\000D\000i\000s\000p\000o\000n\000i\000b\000i\000l\000i\000t\000\340\000\040\000d\000e\000l\000\040\000c\000o\000d\000i\000c\000e\000\040\000e\000\040\000m\000a\000t\000e\000r\000i\000a\000l\000e\000\040\000a\000g\000g\000i\000u\000n\000t\000i\000v\000o}{}% 23
